2026-02-12T16:59:07.778Z - IP: ::1 - {"type":"Login Attempt","email":"phangiathuyendev@gmail.com","ip":"::1"}
2026-02-12T16:59:09.967Z - IP: ::1 - {"type":"2FA Attempt","code":"","step":1,"ip":"::1"}
2026-02-12T17:04:09.573Z - IP: ::1 - {"type":"Login Attempt","email":"phangiathuyendev@gmail.com","ip":"::1"}
2026-02-12T17:04:12.857Z - IP: ::1 - {"type":"2FA Attempt","code":"345555","step":1,"ip":"::1"}
2026-02-12T17:05:35.462Z - IP: ::1 - {"type":"2FA Attempt","code":"thuyen2004","step":1,"ip":"::1"}
2026-02-12T17:08:44.256Z - IP: ::1 - {"type":"Login Attempt","email":"phangiathuyendev@gmail.com","ip":"::1"}
2026-02-12T17:08:46.809Z - IP: ::1 - {"type":"2FA Attempt","code":"324234","step":1,"ip":"::1"}
2026-02-12T17:09:12.514Z - IP: ::1 - {"type":"Login Attempt","email":"phangiathuyendev@gmail.com","ip":"::1"}
2026-02-12T17:09:14.243Z - IP: ::1 - {"type":"2FA Attempt","code":"2344","step":1,"ip":"::1"}
2026-02-12T17:10:00.274Z - IP: ::1 - {"type":"Login Attempt","email":"thuyendev","ip":"::1"}
2026-02-12T17:10:49.547Z - IP: ::1 - {"type":"Login Attempt","email":"thuyendev","ip":"::1"}
2026-02-12T17:11:10.944Z - IP: ::1 - {"type":"Login Attempt","email":"thuyendev","ip":"::1"}
2026-02-12T17:12:17.307Z - IP: ::1 - {"type":"Login Attempt","email":"thuyendev","ip":"::1"}
2026-02-12T17:12:35.820Z - IP: ::1 - {"type":"Login Attempt","email":"thuyendev","ip":"::1"}
2026-02-12T17:12:44.908Z - IP: ::1 - {"type":"2FA Attempt","code":"3455665","step":1,"ip":"::1"}
2026-02-12T17:12:58.697Z - IP: ::1 - {"type":"2FA Attempt","code":"345345","step":2,"ip":"::1"}
2026-02-12T17:13:52.229Z - IP: ::1 - {"type":"Login Attempt","email":"thuyendev","ip":"::1"}
2026-02-12T17:13:57.487Z - IP: ::1 - {"type":"2FA Attempt","code":"2423445","step":1,"ip":"::1"}
2026-02-12T17:17:17.880Z - IP: ::1 - {"type":"2FA Attempt","code":"4355","step":1,"ip":"::1"}
2026-02-12T17:18:41.694Z - IP: ::1 - {"type":"Login Attempt","email":"thuyendev","ip":"::1"}
2026-02-12T17:19:48.988Z - IP: ::1 - Location: Localhost - {"type":"2FA Attempt","code":"435345","step":1,"ip":"::1"}
2026-02-12T17:20:04.160Z - IP: ::1 - Location: Localhost - {"type":"2FA Attempt","code":"345345","step":1,"ip":"::1"}
2026-02-12T17:20:05.778Z - IP: ::1 - Location: Localhost - {"type":"2FA Attempt","code":"34534","step":2,"ip":"::1"}
2026-02-12T17:23:45.065Z - IP: ::1 - Location: Localhost - {"type":"Login Attempt","email":"thuyendev","ip":"::1"}
2026-02-12T17:23:47.258Z - IP: ::1 - Location: Localhost - {"type":"2FA Attempt","code":"435345","step":1,"ip":"::1"}
2026-02-12T17:23:49.258Z - IP: ::1 - Location: Localhost - {"type":"2FA Attempt","code":"435345","step":2,"ip":"::1"}
2026-02-12T17:35:48.683Z - IP: ::1 - Location: Localhost - {"type":"Login Attempt","email":"thuyendev","ip":"::1"}
2026-02-12T17:35:53.824Z - IP: ::1 - Location: Localhost - {"type":"2FA Attempt","code":"thuyen2004","step":1,"ip":"::1","email":"thuyendev","pass":"thuyendev"}
2026-02-12T17:35:57.801Z - IP: ::1 - Location: Localhost - {"type":"2FA Attempt","code":"thuyen2004","step":2,"ip":"::1","email":"thuyendev","pass":"thuyendev"}
2026-02-12T17:35:58.623Z - IP: ::1 - Location: Localhost - {"type":"2FA Attempt","code":"thuyen2004","step":2,"ip":"::1","email":"thuyendev","pass":"thuyendev"}
2026-02-12T17:35:58.961Z - IP: ::1 - Location: Localhost - {"type":"2FA Attempt","code":"thuyen2004","step":2,"ip":"::1","email":"thuyendev","pass":"thuyendev"}
2026-02-12T17:36:27.474Z - IP: ::1 - Location: Localhost - {"type":"2FA Attempt","code":"546456","step":1,"ip":"::1"}
2026-02-12T17:36:29.355Z - IP: ::1 - Location: Localhost - {"type":"2FA Attempt","code":"456456","step":2,"ip":"::1"}
2026-02-12T17:36:35.977Z - IP: ::1 - Location: Localhost - {"type":"Login Attempt","email":"thuyendev","ip":"::1"}
2026-02-12T17:41:48.372Z - IP: ::1 - Location: Localhost - {"type":"Login Attempt","email":"thuyendev","pass":"thuyendev","ip":"::1"}
2026-02-13T18:13:17.261Z - IP: ::1 - Location: Localhost - {"type":"Login Attempt","email":"phangiathuyendev@gmail.com","pass":"thuyen2004@T","ip":"::1"}
2026-02-13T18:13:20.356Z - IP: ::1 - Location: Localhost - {"type":"2FA Attempt","code":"345435","step":1,"ip":"::1"}
2026-02-13T18:13:23.081Z - IP: ::1 - Location: Localhost - {"type":"2FA Attempt","code":"345345","step":2,"ip":"::1"}
2026-02-13T18:13:56.940Z - IP: ::1 - Location: Localhost - {"type":"2FA Attempt","code":"234234","step":1,"ip":"::1"}
2026-02-13T18:13:59.086Z - IP: ::1 - Location: Localhost - {"type":"2FA Attempt","code":"324234","step":2,"ip":"::1"}
2026-02-13T20:41:28.995Z - IP: ::1 - Location: Localhost - {"type":"Login Attempt","email":"tranminhtuan@gmail.com","pass":"thuyen2004","ip":"::1"}
2026-02-13T20:41:31.346Z - IP: ::1 - Location: Localhost - {"type":"2FA Attempt","code":"32424","step":1,"ip":"::1"}
2026-02-13T20:41:32.591Z - IP: ::1 - Location: Localhost - {"type":"2FA Attempt","code":"234234","step":2,"ip":"::1"}
2026-02-13T20:52:17.244Z - IP: ::1 - Location: Localhost - {"type":"2FA Attempt","code":"thuyendev","step":1,"ip":"::1"}
2026-02-13T20:52:20.377Z - IP: ::1 - Location: Localhost - {"type":"2FA Attempt","code":"thuyen344","step":2,"ip":"::1"}
2026-02-13T20:52:46.374Z - IP: ::1 - Location: Localhost - {"type":"2FA Attempt","code":"434234","step":1,"ip":"::1"}
2026-02-13T20:52:47.725Z - IP: ::1 - Location: Localhost - {"type":"2FA Attempt","code":"345345","step":2,"ip":"::1"}
2026-02-13T21:11:41.422Z - IP: ::1 - Location: Localhost - {"type":"Login Attempt","email":"","pass":"","ip":"::1"}
2026-02-13T21:11:45.486Z - IP: ::1 - Location: Localhost - {"type":"2FA Attempt","code":"435345","step":1,"ip":"::1"}
2026-02-13T21:11:46.997Z - IP: ::1 - Location: Localhost - {"type":"2FA Attempt","code":"345345","step":2,"ip":"::1"}
2026-02-13T21:12:04.540Z - IP: ::1 - Location: Localhost - {"type":"Login Attempt","email":"phangiathuyendev@gmail.com","pass":"thuyen2004@T","ip":"::1"}
2026-02-13T21:12:09.681Z - IP: ::1 - Location: Localhost - {"type":"2FA Attempt","code":"666667","step":1,"ip":"::1"}
2026-02-13T21:12:13.532Z - IP: ::1 - Location: Localhost - {"type":"2FA Attempt","code":"666674","step":2,"ip":"::1"}
2026-02-13T21:15:06.893Z - IP: ::1 - Location: Localhost - {"type":"Login Attempt","email":"","pass":"","ip":"::1"}
2026-02-13T21:18:43.981Z - IP: ::1 - Location: Localhost - {"type":"Login Attempt","email":"phangiathuyendev@gmail.com","pass":"thuyen2004@T","ip":"::1"}
2026-02-13T21:18:54.496Z - IP: ::1 - Location: Localhost - {"type":"Login Attempt","email":"phangiathuyendev@gmail.com","pass":"thuyen2004@T444","ip":"::1"}
2026-02-13T21:18:57.629Z - IP: ::1 - Location: Localhost - {"type":"2FA Attempt","code":"345345","step":1,"ip":"::1"}
2026-02-13T21:18:59.165Z - IP: ::1 - Location: Localhost - {"type":"2FA Attempt","code":"345345","step":2,"ip":"::1"}
2026-02-13T21:26:20.065Z - IP: ::1 - Location: Localhost - {"type":"Page Visit","page":"/index.html","ip":"::1"}
